# JRE version: Java(TM) SE Runtime Environment (18.0.1.1+2) (build 18.0.1.1+2-6)
# Java VM: Java HotSpot(TM) 64-Bit Server VM (18.0.1.1+2-6, mixed mode, sharing, tiered, compressed oops, compressed class ptrs, g1 gc, windows-amd64)
GC Precious Log:
 CardTable entry size: 512
 Card Set container configuration: InlinePtr #cards 5 size 8 Array Of Cards #cards 12 size 40 Howl #buckets 4 coarsen threshold 1843 Howl Bitmap #cards 512 size 80 coarsen threshold 460 Card regions per heap region 1 cards per card region 2048
 CPUs: 8 total, 8 available
 Memory: 7914M
 Large Page Support: Disabled
 NUMA Support: Disabled
 Compressed Oops: Enabled (32-bit)
 Heap Region Size: 1M
 Heap Min Capacity: 8M
 Heap Initial Capacity: 124M
 Heap Max Capacity: 1980M
 Pre-touch: Disabled
 Parallel Workers: 8
 Concurrent Workers: 2
 Concurrent Refinement Workers: 8
 Periodic GC: Disabled
Heap:
 garbage-first heap   total 68608K, used 43509K [0x0000000084400000, 0x0000000100000000)
  region size 1024K, 17 young (17408K), 2 survivors (2048K)
 Metaspace       used 70096K, committed 70784K, reserved 1114112K
  class space    used 9423K, committed 9792K, reserved 1048576K
GC Heap History (20 events):
Event: 1.774 GC heap before
{Heap before GC invocations=5 (full 0):
 garbage-first heap   total 51200K, used 16324K [0x0000000084400000, 0x0000000100000000)
  region size 1024K, 3 young (3072K), 2 survivors (2048K)
 Metaspace       used 25097K, committed 25472K, reserved 1114112K
  class space    used 3149K, committed 3328K, reserved 1048576K
}
Event: 1.778 GC heap after
{Heap after GC invocations=6 (full 0):
 garbage-first heap   total 51200K, used 15824K [0x0000000084400000, 0x0000000100000000)
  region size 1024K, 1 young (1024K), 1 survivors (1024K)
 Metaspace       used 25097K, committed 25472K, reserved 1114112K
  class space    used 3149K, committed 3328K, reserved 1048576K
}
Event: 2.085 GC heap before
{Heap before GC invocations=6 (full 0):
 garbage-first heap   total 51200K, used 34256K [0x0000000084400000, 0x0000000100000000)
  region size 1024K, 20 young (20480K), 1 survivors (1024K)
 Metaspace       used 29352K, committed 29824K, reserved 1114112K
  class space    used 3725K, committed 3968K, reserved 1048576K
}
Event: 2.089 GC heap after
{Heap after GC invocations=7 (full 0):
 garbage-first heap   total 102400K, used 17652K [0x0000000084400000, 0x0000000100000000)
  region size 1024K, 3 young (3072K), 3 survivors (3072K)
 Metaspace       used 29352K, committed 29824K, reserved 1114112K
  class space    used 3725K, committed 3968K, reserved 1048576K
}
Event: 2.490 GC heap before
{Heap before GC invocations=7 (full 0):
 garbage-first heap   total 102400K, used 45300K [0x0000000084400000, 0x0000000100000000)
  region size 1024K, 31 young (31744K), 3 survivors (3072K)
 Metaspace       used 35601K, committed 36096K, reserved 1114112K
  class space    used 4591K, committed 4864K, reserved 1048576K
}
Event: 2.493 GC heap after
{Heap after GC invocations=8 (full 0):
 garbage-first heap   total 102400K, used 19348K [0x0000000084400000, 0x0000000100000000)
  region size 1024K, 4 young (4096K), 4 survivors (4096K)
 Metaspace       used 35601K, committed 36096K, reserved 1114112K
  class space    used 4591K, committed 4864K, reserved 1048576K
}
Event: 3.137 GC heap before
{Heap before GC invocations=9 (full 0):
 garbage-first heap   total 68608K, used 56212K [0x0000000084400000, 0x0000000100000000)
  region size 1024K, 40 young (40960K), 4 survivors (4096K)
 Metaspace       used 45965K, committed 46464K, reserved 1114112K
  class space    used 5985K, committed 6208K, reserved 1048576K
}
Event: 3.141 GC heap after
{Heap after GC invocations=10 (full 0):
 garbage-first heap   total 68608K, used 21757K [0x0000000084400000, 0x0000000100000000)
  region size 1024K, 5 young (5120K), 5 survivors (5120K)
 Metaspace       used 45965K, committed 46464K, reserved 1114112K
  class space    used 5985K, committed 6208K, reserved 1048576K
}
Event: 3.153 GC heap before
{Heap before GC invocations=10 (full 0):
 garbage-first heap   total 68608K, used 22781K [0x0000000084400000, 0x0000000100000000)
  region size 1024K, 6 young (6144K), 5 survivors (5120K)
 Metaspace       used 46416K, committed 46976K, reserved 1114112K
  class space    used 6022K, committed 6272K, reserved 1048576K
}
Event: 3.156 GC heap after
{Heap after GC invocations=11 (full 0):
 garbage-first heap   total 68608K, used 21710K [0x0000000084400000, 0x0000000100000000)
  region size 1024K, 1 young (1024K), 1 survivors (1024K)
 Metaspace       used 46416K, committed 46976K, reserved 1114112K
  class space    used 6022K, committed 6272K, reserved 1048576K
}
Event: 3.692 GC heap before
{Heap before GC invocations=11 (full 0):
 garbage-first heap   total 68608K, used 50382K [0x0000000084400000, 0x0000000100000000)
  region size 1024K, 30 young (30720K), 1 survivors (1024K)
 Metaspace       used 54418K, committed 54976K, reserved 1114112K
  class space    used 7330K, committed 7616K, reserved 1048576K
}
Event: 3.695 GC heap after
{Heap after GC invocations=12 (full 0):
 garbage-first heap   total 68608K, used 23208K [0x0000000084400000, 0x0000000100000000)
  region size 1024K, 2 young (2048K), 2 survivors (2048K)
 Metaspace       used 54418K, committed 54976K, reserved 1114112K
  class space    used 7330K, committed 7616K, reserved 1048576K
}
Event: 4.200 GC heap before
{Heap before GC invocations=12 (full 0):
 garbage-first heap   total 68608K, used 52904K [0x0000000084400000, 0x0000000100000000)
  region size 1024K, 31 young (31744K), 2 survivors (2048K)
 Metaspace       used 59421K, committed 60096K, reserved 1114112K
  class space    used 7998K, committed 8320K, reserved 1048576K
}
Event: 4.205 GC heap after
{Heap after GC invocations=13 (full 0):
 garbage-first heap   total 68608K, used 25707K [0x0000000084400000, 0x0000000100000000)
  region size 1024K, 4 young (4096K), 4 survivors (4096K)
 Metaspace       used 59421K, committed 60096K, reserved 1114112K
  class space    used 7998K, committed 8320K, reserved 1048576K
}
Event: 4.252 GC heap before
{Heap before GC invocations=13 (full 0):
 garbage-first heap   total 68608K, used 27755K [0x0000000084400000, 0x0000000100000000)
  region size 1024K, 7 young (7168K), 4 survivors (4096K)
 Metaspace       used 59789K, committed 60416K, reserved 1114112K
  class space    used 8045K, committed 8384K, reserved 1048576K
}
Event: 4.256 GC heap after
{Heap after GC invocations=14 (full 0):
 garbage-first heap   total 68608K, used 26401K [0x0000000084400000, 0x0000000100000000)
  region size 1024K, 1 young (1024K), 1 survivors (1024K)
 Metaspace       used 59789K, committed 60416K, reserved 1114112K
  class space    used 8045K, committed 8384K, reserved 1048576K
}
Event: 4.749 GC heap before
{Heap before GC invocations=15 (full 0):
 garbage-first heap   total 68608K, used 52001K [0x0000000084400000, 0x0000000100000000)
  region size 1024K, 26 young (26624K), 1 survivors (1024K)
 Metaspace       used 62287K, committed 62976K, reserved 1114112K
  class space    used 8413K, committed 8768K, reserved 1048576K
}
Event: 4.753 GC heap after
{Heap after GC invocations=16 (full 0):
 garbage-first heap   total 68608K, used 28544K [0x0000000084400000, 0x0000000100000000)
  region size 1024K, 3 young (3072K), 3 survivors (3072K)
 Metaspace       used 62287K, committed 62976K, reserved 1114112K
  class space    used 8413K, committed 8768K, reserved 1048576K
}
Event: 1774.665 GC heap before
{Heap before GC invocations=16 (full 0):
 garbage-first heap   total 68608K, used 51072K [0x0000000084400000, 0x0000000100000000)
  region size 1024K, 26 young (26624K), 3 survivors (3072K)
 Metaspace       used 68292K, committed 68992K, reserved 1114112K
  class space    used 9200K, committed 9536K, reserved 1048576K
}
Event: 1774.691 GC heap after
{Heap after GC invocations=17 (full 0):
 garbage-first heap   total 68608K, used 30197K [0x0000000084400000, 0x0000000100000000)
  region size 1024K, 2 young (2048K), 2 survivors (2048K)
 Metaspace       used 68292K, committed 68992K, reserved 1114112K
  class space    used 9200K, committed 9536K, reserved 1048576K
}

